
./shared/build/bin/iosArm64/podDebugFramework/shared.framework/shared(result.o):
_CFAbsoluteTimeGetCurrent
_CFRelease
_CFRunLoopAddTimer
_CFRunLoopGetCurrent
_CFRunLoopGetMain
_CFRunLoopRemoveTimer
_CFRunLoopRun
_CFRunLoopTimerCreateWithHandler
_CFStringCreateCopy
_CFStringGetCharacters
_CFStringGetLength
_NSGenericException
_NSLocalizedDescriptionKey
_NSStringFromClass
_OBJC_CLASS_$_NSArray
_OBJC_CLASS_$_NSCharacterSet
_OBJC_CLASS_$_NSData
_OBJC_CLASS_$_NSDecimalNumber
_OBJC_CLASS_$_NSDictionary
_OBJC_CLASS_$_NSEnumerator
_OBJC_CLASS_$_NSError
_OBJC_CLASS_$_NSException
_OBJC_CLASS_$_NSHTTPURLResponse
_OBJC_CLASS_$_NSMethodSignature
_OBJC_CLASS_$_NSMutableArray
_OBJC_CLASS_$_NSMutableData
_OBJC_CLASS_$_NSMutableDictionary
_OBJC_CLASS_$_NSMutableSet
_OBJC_CLASS_$_NSMutableURLRequest
_OBJC_CLASS_$_NSNull
_OBJC_CLASS_$_NSNumber
_OBJC_CLASS_$_NSObject
_OBJC_CLASS_$_NSOperationQueue
_OBJC_CLASS_$_NSSet
_OBJC_CLASS_$_NSString
_OBJC_CLASS_$_NSURL
_OBJC_CLASS_$_NSURLComponents
_OBJC_CLASS_$_NSURLQueryItem
_OBJC_CLASS_$_NSURLSession
_OBJC_CLASS_$_NSURLSessionConfiguration
_OBJC_CLASS_$_NSURLSessionWebSocketMessage
_OBJC_CLASS_$_NSValue
_OBJC_CLASS_$_UIDevice
_OBJC_METACLASS_$_NSArray
_OBJC_METACLASS_$_NSDictionary
_OBJC_METACLASS_$_NSEnumerator
_OBJC_METACLASS_$_NSMutableArray
_OBJC_METACLASS_$_NSMutableDictionary
_OBJC_METACLASS_$_NSMutableSet
_OBJC_METACLASS_$_NSNumber
_OBJC_METACLASS_$_NSObject
_OBJC_METACLASS_$_NSSet
__Exit
__NSConcreteGlobalBlock
__NSConcreteStackBlock
__Unwind_Resume
__ZNKSt3__120__vector_base_commonILb1EE20__throw_length_errorEv
__ZNKSt3__121__basic_string_commonILb1EE20__throw_length_errorEv
__ZNSt11logic_errorC2EPKc
__ZNSt12out_of_rangeD1Ev
__ZNSt13exception_ptrC1ERKS_
__ZNSt13exception_ptrD1Ev
__ZNSt3__112__next_primeEm
__ZNSt3__115recursive_mutex4lockEv
__ZNSt3__115recursive_mutex6unlockEv
__ZNSt3__115recursive_mutexC1Ev
__ZNSt3__115recursive_mutexD1Ev
__ZNSt3__118condition_variable10notify_allEv
__ZNSt3__118condition_variable4waitERNS_11unique_lockINS_5mutexEEE
__ZNSt3__118condition_variableD1Ev
__ZNSt3__15mutex4lockEv
__ZNSt3__15mutex6unlockEv
__ZNSt3__15mutexD1Ev
__ZNSt3__16chrono12steady_clock3nowEv
__ZNSt3__19to_stringEi
__ZNSt9exceptionD2Ev
__ZSt13set_terminatePFvvE
__ZSt17current_exceptionv
__ZSt17rethrow_exceptionSt13exception_ptr
__ZSt9terminatev
__ZTISt12out_of_range
__ZTISt9exception
__ZTVN10__cxxabiv117__class_type_infoE
__ZTVN10__cxxabiv120__si_class_type_infoE
__ZTVSt12out_of_range
__ZdlPv
___CFConstantStringClassReference
___cxa_allocate_exception
___cxa_atexit
___cxa_begin_catch
___cxa_end_catch
___cxa_free_exception
___cxa_guard_acquire
___cxa_guard_release
___cxa_rethrow
___cxa_throw
___dso_handle
___error
___exp10
___gxx_personality_v0
___stderrp
__dispatch_main_q
__objc_empty_cache
__tlv_bootstrap
_abort
_backtrace
_backtrace_symbols
_bzero
_calloc
_class_addIvar
_class_addMethod
_class_addProtocol
_class_copyMethodList
_class_copyProtocolList
_class_getClassMethod
_class_getInstanceMethod
_class_getInstanceVariable
_class_getName
_class_getSuperclass
_dispatch_async
_dispatch_get_global_queue
_dispatch_once
_dladdr
_fprintf
_free
_gettimeofday
_gmtime_r
_iconv
_iconv_close
_iconv_open
_ivar_getOffset
_kCFRunLoopCommonModes
_malloc
_memchr
_memcmp
_memcpy
_memmem
_memmove
_method_getName
_method_getTypeEncoding
_objc_alloc
_objc_allocWithZone
_objc_allocateClassPair
_objc_autorelease
_objc_autoreleasePoolPop
_objc_autoreleasePoolPush
_objc_autoreleaseReturnValue
_objc_destroyWeak
_objc_enumerationMutation
_objc_getAssociatedObject
_objc_getClass
_objc_getProtocol
_objc_loadWeakRetained
_objc_lookUpClass
_objc_msgSend
_objc_msgSendSuper
_objc_msgSendSuper2
_objc_registerClassPair
_objc_release
_objc_retain
_objc_retainAutorelease
_objc_retainAutoreleaseReturnValue
_objc_retainBlock
_objc_setAssociatedObject
_objc_storeWeak
_objc_terminate
_object_getClass
_object_getClassName
_protocol_copyProtocolList
_protocol_getMethodDescription
_protocol_getName
_pthread_cond_broadcast
_pthread_cond_destroy
_pthread_cond_init
_pthread_cond_signal
_pthread_cond_timedwait
_pthread_cond_wait
_pthread_create
_pthread_detach
_pthread_equal
_pthread_getspecific
_pthread_key_create
_pthread_main_np
_pthread_mutex_destroy
_pthread_mutex_init
_pthread_mutex_lock
_pthread_mutex_unlock
_pthread_once
_pthread_self
_pthread_setspecific
_pthread_threadid_np
_sched_yield
_sel_getName
_sel_registerName
_sleep
_snprintf
_strcmp
_strlen
_strncmp
_time
_vsnprintf
_write
